Abaqus Warning: The .inp extension has been removed from the job identifier
Processing time = 0 second(s).
Running with MPI
CL: Attempting: 23 tokens of explicit
CL: Attempting 23 tokens from 1761@license1.csc.fi
CL: Number of licenses on 1761@license1.csc.fi: 600
CL: Number of licenses in use on 1761@license1.csc.fi: 0
CL: Attempting: 1 tokens of parallel
CL: Attempting 1 tokens from 1761@license1.csc.fi
CL: Number of licenses on 1761@license1.csc.fi: 16384
CL: Number of licenses in use on 1761@license1.csc.fi: 120
CL: Test checkout: 23 "explicit" v62.2
INFO: ABA_USE_MPI is set.  dmpCT_rcp/dmpCT_rsh tools will be used for remote shell and copy operations.
Abaqus Warning: MPI_REMSH is not defined.  Setting value to -> ssh
Analysis initiated from SIMULIA established products
Abaqus JOB geometry
Abaqus 2022
> Begin MPI prepare 
platform              : lnx86_64
cpus                  : 40
mp_mpi_implementation : PMPI
mp_mpirun_path        : /appl/soft/eng/simulia/EstProducts/2022/linux_a64/code/bin/SMAExternal/pmpi/bin/mpirun
mp_host_list          : (('r02c08.bullx', 40),)
mp_file_system        : (SHARED, SHARED)
mp_rsh_command        : ssh -n -l nguyenb5 %H %C
local host            : ('r02c08-mn.bullx', 'r02c08-mn', '10.140.32.82', 'r02c08.bullx', 'r02c08', '10.140.0.82')
> End MPI prepare  -- 00:00:00
DriverLM command: /appl/soft/eng/simulia/EstProducts/2022/linux_a64/code/bin/eliT_DriverLM -job geometry -indir /scratch/project_2007935/project_test_A1/SOO_simulations/DP1000_room_Swift_NDBR50_curve2/iteration/24 -explicit -verbose -cpus 40 -tmpdir /scratch/project_2007935/project_test_A1/SOO_simulations/DP1000_room_Swift_NDBR50_curve2/iteration/24/tmp_1/nguyenb5_geometry_1447460 -lmlog
DriverLM status: 0
Umbrella port: r02c08.bullx 45005
Begin Analysis Input File Processor
Fri 23 Jun 2023 03:10:37 PM EEST
Run pre
  Command: /appl/soft/eng/simulia/EstProducts/2022/linux_a64/code/bin/pre -explicit -messaging_mechanism DIRECT -job geometry -indir /scratch/project_2007935/project_test_A1/SOO_simulations/DP1000_room_Swift_NDBR50_curve2/iteration/24 -outdir /scratch/project_2007935/project_test_A1/SOO_simulations/DP1000_room_Swift_NDBR50_curve2/iteration/24 -tmpdir /scratch/project_2007935/project_test_A1/SOO_simulations/DP1000_room_Swift_NDBR50_curve2/iteration/24/tmp_1/nguyenb5_geometry_1447460 -inputFormat inp -resultsFormat odb -solver_threads0 40 -memory 64 -memory_parameter AUTOMATIC -sim /scratch/project_2007935/project_test_A1/SOO_simulations/DP1000_room_Swift_NDBR50_curve2/iteration/24/geometry.sim -simwrk /scratch/project_2007935/project_test_A1/SOO_simulations/DP1000_room_Swift_NDBR50_curve2/iteration/24/geometry -input geometry -cpus 40 -mp_mode MPI -feature_enhanced -odb_output_requested -convert_sdi -umbrella_host r02c08.bullx -umbrella_port 45005 -dmp_solver -std_parallel -timeout 36000 -auto_calc_analysis 
Fri 23 Jun 2023 03:11:48 PM EEST
Phase Analysis Input File Processor status 0
End Analysis Input File Processor
Begin Abaqus/Explicit Packager
Fri 23 Jun 2023 03:11:48 PM EEST
Precision specified as explicit or single.  Using SP packager with SP mbc
Using SP library from: /appl/soft/eng/simulia/EstProducts/2022/linux_a64/code/bin/SMAMbc/SP
Run package
  Command: /appl/soft/eng/simulia/EstProducts/2022/linux_a64/code/bin/package -explicit -messaging_mechanism DIRECT -job geometry -indir /scratch/project_2007935/project_test_A1/SOO_simulations/DP1000_room_Swift_NDBR50_curve2/iteration/24 -outdir /scratch/project_2007935/project_test_A1/SOO_simulations/DP1000_room_Swift_NDBR50_curve2/iteration/24 -tmpdir /scratch/project_2007935/project_test_A1/SOO_simulations/DP1000_room_Swift_NDBR50_curve2/iteration/24/tmp_1/nguyenb5_geometry_1447460 -inputFormat inp -resultsFormat odb -simwrk /scratch/project_2007935/project_test_A1/SOO_simulations/DP1000_room_Swift_NDBR50_curve2/iteration/24/geometry -memory 64 -memory_parameter AUTOMATIC -cpus 40 -mp_mode MPI -lmsuspend -umbrella_host r02c08.bullx -umbrella_port 45005 -interactive 
Abaqus/Explicit 2022                             DATE 23-Jun-2023  TIME 15:11:57
-------------------------------------------------------------------------------
 PREPROCESSOR WARNING MESSAGES
-------------------------------------------------------------------------------


***WARNING: There are 3 warning messages in the data (.dat) file.  Please
            check the data file for possible errors in the input file.


-------------------------------------------------------------------------------
           DOMAIN DECOMPOSITION INFORMATION
-------------------------------------------------------------------------------


     DOMAIN 1 HAS 673 ELEMENTS AND 1058 NODES with WEIGHT 2.4998

     DOMAIN 2 HAS 673 ELEMENTS AND 1052 NODES with WEIGHT 2.4998

     DOMAIN 3 HAS 673 ELEMENTS AND 1001 NODES with WEIGHT 2.4998

     DOMAIN 4 HAS 673 ELEMENTS AND 1013 NODES with WEIGHT 2.4998

     DOMAIN 5 HAS 673 ELEMENTS AND 1012 NODES with WEIGHT 2.4998

     DOMAIN 6 HAS 673 ELEMENTS AND 970 NODES with WEIGHT 2.4998

     DOMAIN 7 HAS 673 ELEMENTS AND 979 NODES with WEIGHT 2.4998

     DOMAIN 8 HAS 673 ELEMENTS AND 972 NODES with WEIGHT 2.4998

     DOMAIN 9 HAS 673 ELEMENTS AND 999 NODES with WEIGHT 2.4998

     DOMAIN 10 HAS 673 ELEMENTS AND 989 NODES with WEIGHT 2.4998

     DOMAIN 11 HAS 673 ELEMENTS AND 965 NODES with WEIGHT 2.4998

     DOMAIN 12 HAS 673 ELEMENTS AND 967 NODES with WEIGHT 2.4998

     DOMAIN 13 HAS 673 ELEMENTS AND 1006 NODES with WEIGHT 2.4998

     DOMAIN 14 HAS 673 ELEMENTS AND 964 NODES with WEIGHT 2.4998

     DOMAIN 15 HAS 673 ELEMENTS AND 983 NODES with WEIGHT 2.4998

     DOMAIN 16 HAS 673 ELEMENTS AND 965 NODES with WEIGHT 2.4998

     DOMAIN 17 HAS 673 ELEMENTS AND 968 NODES with WEIGHT 2.4998

     DOMAIN 18 HAS 673 ELEMENTS AND 1025 NODES with WEIGHT 2.4998

     DOMAIN 19 HAS 673 ELEMENTS AND 971 NODES with WEIGHT 2.4998

     DOMAIN 20 HAS 674 ELEMENTS AND 972 NODES with WEIGHT 2.5035

     DOMAIN 21 HAS 673 ELEMENTS AND 977 NODES with WEIGHT 2.4998

     DOMAIN 22 HAS 673 ELEMENTS AND 950 NODES with WEIGHT 2.4998

     DOMAIN 23 HAS 673 ELEMENTS AND 982 NODES with WEIGHT 2.4998

     DOMAIN 24 HAS 673 ELEMENTS AND 941 NODES with WEIGHT 2.4998

     DOMAIN 25 HAS 673 ELEMENTS AND 940 NODES with WEIGHT 2.4998

     DOMAIN 26 HAS 673 ELEMENTS AND 964 NODES with WEIGHT 2.4998

     DOMAIN 27 HAS 673 ELEMENTS AND 965 NODES with WEIGHT 2.4998

     DOMAIN 28 HAS 673 ELEMENTS AND 1016 NODES with WEIGHT 2.4998

     DOMAIN 29 HAS 673 ELEMENTS AND 973 NODES with WEIGHT 2.4998

     DOMAIN 30 HAS 673 ELEMENTS AND 968 NODES with WEIGHT 2.4998

     DOMAIN 31 HAS 673 ELEMENTS AND 940 NODES with WEIGHT 2.4998

     DOMAIN 32 HAS 673 ELEMENTS AND 952 NODES with WEIGHT 2.4998

     DOMAIN 33 HAS 673 ELEMENTS AND 950 NODES with WEIGHT 2.4998

     DOMAIN 34 HAS 673 ELEMENTS AND 965 NODES with WEIGHT 2.4998

     DOMAIN 35 HAS 673 ELEMENTS AND 952 NODES with WEIGHT 2.4998

     DOMAIN 36 HAS 673 ELEMENTS AND 1063 NODES with WEIGHT 2.4998

     DOMAIN 37 HAS 673 ELEMENTS AND 1056 NODES with WEIGHT 2.4998

     DOMAIN 38 HAS 673 ELEMENTS AND 1227 NODES with WEIGHT 2.4998

     DOMAIN 39 HAS 673 ELEMENTS AND 1026 NODES with WEIGHT 2.4998

     DOMAIN 40 HAS 674 ELEMENTS AND 1046 NODES with WEIGHT 2.5035


-------------------------------------------------------------------------------
 MODEL INFORMATION (IN GLOBAL X-Y COORDINATES)
-------------------------------------------------------------------------------

   Total mass in model = 5.31664E-06
   Center of mass of model = ( 1.969697E-06, 1.261704E-04, 3.699999E-01)

    Moments of Inertia :
                 About Center of Mass              About Origin
      I(XX)          1.936882E-03                  1.937610E-03
      I(YY)          1.246139E-04                  1.253417E-04
      I(ZZ)          2.060829E-03                  2.060829E-03
      I(XY)         -1.127576E-08                 -1.127576E-08
      I(YZ)          5.893213E-12                 -2.423035E-10
      I(ZX)          1.639943E-12                 -2.234756E-12

-------------------------------------------------------------------------------
 STABLE TIME INCREMENT INFORMATION
-------------------------------------------------------------------------------


  The stable time increment estimate for each element is based on
  linearization about the initial state.


   Initial time increment = 9.84571E-09

   Statistics for all elements:
      Mean = 1.47517E-08
      Standard deviation = 6.69940E-09

   Most critical elements:
    Element number   Rank    Time increment   Increment ratio
    (Instance name)
   ----------------------------------------------------------
       26001          1       9.845707E-09      1.000000E+00
    MODEL
       26013          2       9.845897E-09      9.999808E-01
    MODEL
       25989          3       9.845900E-09      9.999804E-01
    MODEL
       26025          4       9.846495E-09      9.999200E-01
    MODEL
       26037          5       9.848029E-09      9.997643E-01
    MODEL
       25977          6       9.848043E-09      9.997628E-01
    MODEL
       25965          7       9.849547E-09      9.996102E-01
    MODEL
       25953          8       9.849733E-09      9.995912E-01
    MODEL
       26049          9       9.849818E-09      9.995827E-01
    MODEL
       26061         10       9.851183E-09      9.994442E-01
    MODEL


  Instance name for the most critical element will be printed if the critical
  element changes or at the beginning of a new page.


Fri 23 Jun 2023 03:11:59 PM EEST
Phase Abaqus/Explicit Packager status 0
End Abaqus/Explicit Packager
INFO: ABA_USE_MPI is set.  dmpCT_rcp/dmpCT_rsh tools will be used for remote shell and copy operations.
Abaqus Warning: The existing definition of MPI_REMSH will not be modified -> ssh
Begin Abaqus/Explicit Analysis
Fri 23 Jun 2023 03:11:59 PM EEST
Precision: SINGLE_PRECISION
Single precision specified. Using SP explicit with SP mbc
Using SP library from: /appl/soft/eng/simulia/EstProducts/2022/linux_a64/code/bin/SMAMbc/SP
MPI AFFINITY - Topology map: {'1': ['20', '21', '22', '23', '24', '25', '26', '27', '28', '29', '30', '31', '32', '33', '34', '35', '36', '37', '38', '39'], '0': ['0', '1', '2', '3', '4', '5', '6', '7', '8', '9', '10', '11', '12', '13', '14', '15', '16', '17', '18', '19']}
MPI AFFINITY - mpiOrigHosts value: (('r02c08.bullx', 40),)
MPI AFFINITY - Required cpus: 40
Max cpus: 40

MPI AFFINITY - All cores used: True
MPI AFFINITY - Ranks per host (1) is less than the number of sockets (2); Affinity will not be used.
MPI CMD: /appl/soft/eng/simulia/EstProducts/2022/linux_a64/code/bin/SMAExternal/pmpi/bin/mpirun -stdio=bnone -ndd -f "/scratch/project_2007935/project_test_A1/SOO_simulations/DP1000_room_Swift_NDBR50_curve2/iteration/24/tmp_1/nguyenb5_geometry_1447460/geometry_explicit_nrDATr.app"
Run explicit
  Command: /appl/soft/eng/simulia/EstProducts/2022/linux_a64/code/bin/SMAExternal/pmpi/bin/mpirun -stdio=bnone -ndd -f /scratch/project_2007935/project_test_A1/SOO_simulations/DP1000_room_Swift_NDBR50_curve2/iteration/24/tmp_1/nguyenb5_geometry_1447460/geometry_explicit_nrDATr.app 
Detected MPI_TAG_UB=1073741823
   0: Running on r02c08.bullx
   1: Running on r02c08.bullx
   2: Running on r02c08.bullx
   3: Running on r02c08.bullx
   4: Running on r02c08.bullx
   5: Running on r02c08.bullx
   6: Running on r02c08.bullx
   7: Running on r02c08.bullx
   8: Running on r02c08.bullx
   9: Running on r02c08.bullx
  10: Running on r02c08.bullx
  11: Running on r02c08.bullx
  12: Running on r02c08.bullx
  13: Running on r02c08.bullx
  14: Running on r02c08.bullx
  15: Running on r02c08.bullx
  16: Running on r02c08.bullx
  17: Running on r02c08.bullx
  18: Running on r02c08.bullx
  19: Running on r02c08.bullx
  20: Running on r02c08.bullx
  21: Running on r02c08.bullx
  22: Running on r02c08.bullx
  23: Running on r02c08.bullx
  24: Running on r02c08.bullx
  25: Running on r02c08.bullx
  26: Running on r02c08.bullx
  27: Running on r02c08.bullx
  28: Running on r02c08.bullx
  29: Running on r02c08.bullx
  30: Running on r02c08.bullx
  31: Running on r02c08.bullx
  32: Running on r02c08.bullx
  33: Running on r02c08.bullx
  34: Running on r02c08.bullx
  35: Running on r02c08.bullx
  36: Running on r02c08.bullx
  37: Running on r02c08.bullx
  38: Running on r02c08.bullx
  39: Running on r02c08.bullx

Abaqus/Explicit 2022                             DATE 23-Jun-2023  TIME 15:12:12

The single precision Abaqus/Explicit executable will be used in this analysis.

The model has been decomposed into 40 domains.
Domain level parallelization will be used with 40 processors.

-------------------------------------------------------------------------------
 SOLUTION PROGRESS
-------------------------------------------------------------------------------

 STEP 1  ORIGIN 0.0000

  Total memory used for step 1 is approximately 174.4 megabytes.
  Global time estimation algorithm will be used.
  Scaling factor:  1.0000
              STEP     TOTAL      WALL      STABLE    CRITICAL    KINETIC      TOTAL
INCREMENT     TIME      TIME      TIME   INCREMENT     ELEMENT     ENERGY     ENERGY
        0  0.000E+00 0.000E+00  00:00:02 9.846E-09       26001  3.657E-03  3.657E-03
INSTANCE WITH CRITICAL ELEMENT: MODEL
Output Field Frame Number   0, of  100, at step time 0.000E+00

***WARNING: THE ANALYSIS MAY NEED A LARGE NUMBER OF INCREMENTS (MORE THAN
            300000), AND IT MAY BE AFFECTED BY ROUND-OFF ERRORS. RUNNING THE
            DOUBLE PRECISION EXECUTABLE IS RECOMMENDED.

     6879  1.000E-04 1.000E-04  00:00:07 1.454E-08       26001  9.939E-02  3.641E-03
INSTANCE WITH CRITICAL ELEMENT: MODEL
Output Field Frame Number   1, of  100, at step time 1.000E-04
    13757  2.000E-04 2.000E-04  00:00:11 1.454E-08       26001  4.960E-02  3.539E-03
INSTANCE WITH CRITICAL ELEMENT: MODEL
Output Field Frame Number   2, of  100, at step time 2.000E-04
    20632  3.000E-04 3.000E-04  00:00:14 1.454E-08       26001  4.525E-02  3.246E-03
INSTANCE WITH CRITICAL ELEMENT: MODEL
Output Field Frame Number   3, of  100, at step time 3.000E-04
    27504  4.000E-04 4.000E-04  00:00:17 1.454E-08       26001  1.426E-01  3.011E-03
INSTANCE WITH CRITICAL ELEMENT: MODEL
Output Field Frame Number   4, of  100, at step time 4.000E-04
    34382  5.000E-04 5.000E-04  00:00:20 1.454E-08       26001  1.321E-01  2.948E-03
INSTANCE WITH CRITICAL ELEMENT: MODEL
Output Field Frame Number   5, of  100, at step time 5.000E-04
    41254  6.000E-04 6.000E-04  00:00:23 1.453E-08       26001  1.006E-01  3.058E-03
INSTANCE WITH CRITICAL ELEMENT: MODEL
Output Field Frame Number   6, of  100, at step time 6.000E-04
    48126  7.000E-04 7.000E-04  00:00:26 1.453E-08       26001  1.022E-01  3.260E-03
INSTANCE WITH CRITICAL ELEMENT: MODEL
Output Field Frame Number   7, of  100, at step time 7.000E-04
    54998  8.000E-04 8.000E-04  00:00:29 1.453E-08       26001  1.171E-01  3.469E-03
INSTANCE WITH CRITICAL ELEMENT: MODEL
Output Field Frame Number   8, of  100, at step time 8.000E-04
    61870  9.000E-04 9.000E-04  00:00:31 1.453E-08       26001  1.045E-01  3.728E-03
INSTANCE WITH CRITICAL ELEMENT: MODEL
Output Field Frame Number   9, of  100, at step time 9.000E-04
    68742  1.000E-03 1.000E-03  00:00:34 1.453E-08       26001  1.173E-01  4.061E-03
INSTANCE WITH CRITICAL ELEMENT: MODEL
Output Field Frame Number  10, of  100, at step time 1.000E-03
    75614  1.100E-03 1.100E-03  00:00:37 1.453E-08       26001  1.157E-01  4.491E-03
INSTANCE WITH CRITICAL ELEMENT: MODEL
Output Field Frame Number  11, of  100, at step time 1.100E-03
    82486  1.200E-03 1.200E-03  00:00:40 1.453E-08       26001  1.143E-01  4.964E-03
INSTANCE WITH CRITICAL ELEMENT: MODEL
Output Field Frame Number  12, of  100, at step time 1.200E-03
    89357  1.300E-03 1.300E-03  00:00:43 1.453E-08       26001  1.156E-01  5.596E-03
INSTANCE WITH CRITICAL ELEMENT: MODEL
Output Field Frame Number  13, of  100, at step time 1.300E-03
    96229  1.400E-03 1.400E-03  00:00:46 1.453E-08       26001  1.160E-01  6.261E-03
INSTANCE WITH CRITICAL ELEMENT: MODEL
Output Field Frame Number  14, of  100, at step time 1.400E-03
   103101  1.500E-03 1.500E-03  00:00:49 1.453E-08       26001  1.112E-01  6.846E-03
INSTANCE WITH CRITICAL ELEMENT: MODEL
Output Field Frame Number  15, of  100, at step time 1.500E-03
   109973  1.600E-03 1.600E-03  00:00:52 1.453E-08       26001  1.086E-01  7.672E-03
INSTANCE WITH CRITICAL ELEMENT: MODEL
Output Field Frame Number  16, of  100, at step time 1.600E-03
   116845  1.700E-03 1.700E-03  00:00:55 1.453E-08       26001  1.145E-01  8.770E-03
INSTANCE WITH CRITICAL ELEMENT: MODEL
Output Field Frame Number  17, of  100, at step time 1.700E-03
   123717  1.800E-03 1.800E-03  00:00:57 1.452E-08       26001  1.111E-01  9.790E-03
INSTANCE WITH CRITICAL ELEMENT: MODEL
Output Field Frame Number  18, of  100, at step time 1.800E-03
   130589  1.900E-03 1.900E-03  00:01:00 1.452E-08       26001  1.125E-01  1.090E-02
INSTANCE WITH CRITICAL ELEMENT: MODEL
Output Field Frame Number  19, of  100, at step time 1.900E-03
   137487  2.000E-03 2.000E-03  00:01:03 1.452E-08       26001  1.122E-01  1.187E-02
INSTANCE WITH CRITICAL ELEMENT: MODEL
Output Field Frame Number  20, of  100, at step time 2.000E-03
   144414  2.100E-03 2.100E-03  00:01:06 1.452E-08       26001  1.132E-01  1.292E-02
INSTANCE WITH CRITICAL ELEMENT: MODEL
Output Field Frame Number  21, of  100, at step time 2.100E-03
   151342  2.200E-03 2.200E-03  00:01:09 1.452E-08       26001  1.115E-01  1.393E-02
INSTANCE WITH CRITICAL ELEMENT: MODEL
Output Field Frame Number  22, of  100, at step time 2.200E-03
   158269  2.300E-03 2.300E-03  00:01:12 1.452E-08       26001  1.143E-01  1.509E-02
INSTANCE WITH CRITICAL ELEMENT: MODEL
Output Field Frame Number  23, of  100, at step time 2.300E-03
   165197  2.400E-03 2.400E-03  00:01:15 1.452E-08       26001  1.125E-01  1.639E-02
INSTANCE WITH CRITICAL ELEMENT: MODEL
Output Field Frame Number  24, of  100, at step time 2.400E-03
   172124  2.500E-03 2.500E-03  00:01:18 1.452E-08       26001  1.126E-01  1.773E-02
INSTANCE WITH CRITICAL ELEMENT: MODEL
Output Field Frame Number  25, of  100, at step time 2.500E-03
   179051  2.600E-03 2.600E-03  00:01:20 1.452E-08       26001  1.141E-01  1.870E-02
INSTANCE WITH CRITICAL ELEMENT: MODEL
Output Field Frame Number  26, of  100, at step time 2.600E-03
   185979  2.700E-03 2.700E-03  00:01:23 1.452E-08       26001  1.138E-01  2.026E-02
INSTANCE WITH CRITICAL ELEMENT: MODEL
Output Field Frame Number  27, of  100, at step time 2.700E-03
   192906  2.800E-03 2.800E-03  00:01:26 1.452E-08       26001  1.132E-01  2.075E-02
INSTANCE WITH CRITICAL ELEMENT: MODEL
Output Field Frame Number  28, of  100, at step time 2.800E-03
   199833  2.900E-03 2.900E-03  00:01:29 1.452E-08       26001  1.135E-01  2.139E-02
INSTANCE WITH CRITICAL ELEMENT: MODEL
Output Field Frame Number  29, of  100, at step time 2.900E-03
   206761  3.000E-03 3.000E-03  00:01:32 1.452E-08       26001  1.141E-01  1.928E-02
INSTANCE WITH CRITICAL ELEMENT: MODEL
Output Field Frame Number  30, of  100, at step time 3.000E-03
   213688  3.100E-03 3.100E-03  00:01:35 1.452E-08       26001  1.145E-01  1.929E-02
INSTANCE WITH CRITICAL ELEMENT: MODEL
Output Field Frame Number  31, of  100, at step time 3.100E-03
   220615  3.200E-03 3.200E-03  00:01:38 1.452E-08       26001  1.146E-01  1.970E-02
INSTANCE WITH CRITICAL ELEMENT: MODEL
Output Field Frame Number  32, of  100, at step time 3.200E-03
   227543  3.300E-03 3.300E-03  00:01:41 1.452E-08       26001  1.147E-01  2.139E-02
INSTANCE WITH CRITICAL ELEMENT: MODEL
Output Field Frame Number  33, of  100, at step time 3.300E-03
   234470  3.400E-03 3.400E-03  00:01:44 1.452E-08       26001  1.147E-01  2.318E-02
INSTANCE WITH CRITICAL ELEMENT: MODEL
Output Field Frame Number  34, of  100, at step time 3.400E-03
   241398  3.500E-03 3.500E-03  00:01:46 1.452E-08       26001  1.149E-01  2.541E-02
INSTANCE WITH CRITICAL ELEMENT: MODEL
Output Field Frame Number  35, of  100, at step time 3.500E-03
   248325  3.600E-03 3.600E-03  00:01:49 1.448E-08       26001  1.151E-01  2.502E-02
INSTANCE WITH CRITICAL ELEMENT: MODEL
Output Field Frame Number  36, of  100, at step time 3.600E-03
   255252  3.700E-03 3.700E-03  00:01:52 1.444E-08       26001  1.153E-01  2.401E-02
INSTANCE WITH CRITICAL ELEMENT: MODEL
Output Field Frame Number  37, of  100, at step time 3.700E-03
   262180  3.800E-03 3.800E-03  00:01:55 1.441E-08       26001  1.155E-01  2.181E-02
INSTANCE WITH CRITICAL ELEMENT: MODEL
Output Field Frame Number  38, of  100, at step time 3.800E-03
   269107  3.900E-03 3.900E-03  00:01:58 1.437E-08       26001  1.158E-01  2.238E-02
INSTANCE WITH CRITICAL ELEMENT: MODEL
Output Field Frame Number  39, of  100, at step time 3.900E-03

 STEP 1  ORIGIN 0.0000

              STEP     TOTAL      WALL      STABLE    CRITICAL    KINETIC      TOTAL
INCREMENT     TIME      TIME      TIME   INCREMENT     ELEMENT     ENERGY     ENERGY
   276034  4.000E-03 4.000E-03  00:02:00 1.433E-08       26001  1.160E-01  2.153E-02
INSTANCE WITH CRITICAL ELEMENT: MODEL
Output Field Frame Number  40, of  100, at step time 4.000E-03
   282962  4.100E-03 4.100E-03  00:02:03 1.431E-08       26001  1.163E-01  2.311E-02
INSTANCE WITH CRITICAL ELEMENT: MODEL
Output Field Frame Number  41, of  100, at step time 4.100E-03
   289889  4.200E-03 4.200E-03  00:02:06 1.431E-08       26001  1.165E-01  3.074E-02
INSTANCE WITH CRITICAL ELEMENT: MODEL
Output Field Frame Number  42, of  100, at step time 4.200E-03
   296817  4.300E-03 4.300E-03  00:02:09 1.431E-08       26001  1.167E-01  6.999E-02
INSTANCE WITH CRITICAL ELEMENT: MODEL
Output Field Frame Number  43, of  100, at step time 4.300E-03

***WARNING: THE ANALYSIS REACHED A LARGE NUMBER OF INCREMENTS (300000), AND IT
            MAY BE AFFECTED BY ROUND-OFF ERRORS. RUNNING THE DOUBLE PRECISION
            EXECUTABLE IS RECOMMENDED.

   303744  4.400E-03 4.400E-03  00:02:12 1.431E-08       26001  1.168E-01  1.004E-01
INSTANCE WITH CRITICAL ELEMENT: MODEL
Output Field Frame Number  44, of  100, at step time 4.400E-03
   310671  4.500E-03 4.500E-03  00:02:14 1.431E-08       26001  1.170E-01  1.416E-01
INSTANCE WITH CRITICAL ELEMENT: MODEL
Output Field Frame Number  45, of  100, at step time 4.500E-03
   317599  4.600E-03 4.600E-03  00:02:17 1.431E-08       26001  1.171E-01  1.821E-01
INSTANCE WITH CRITICAL ELEMENT: MODEL
Output Field Frame Number  46, of  100, at step time 4.600E-03
   324526  4.700E-03 4.700E-03  00:02:20 1.430E-08       26001  1.172E-01  2.105E-01
INSTANCE WITH CRITICAL ELEMENT: MODEL
Output Field Frame Number  47, of  100, at step time 4.700E-03
   331453  4.800E-03 4.800E-03  00:02:24 1.428E-08       26001  1.173E-01  2.512E-01
INSTANCE WITH CRITICAL ELEMENT: MODEL
Output Field Frame Number  48, of  100, at step time 4.800E-03
   338381  4.900E-03 4.900E-03  00:02:27 1.426E-08       26001  1.175E-01  2.979E-01
INSTANCE WITH CRITICAL ELEMENT: MODEL
Output Field Frame Number  49, of  100, at step time 4.900E-03
   345308  5.000E-03 5.000E-03  00:02:30 1.423E-08       26001  1.176E-01  3.597E-01
INSTANCE WITH CRITICAL ELEMENT: MODEL
Output Field Frame Number  50, of  100, at step time 5.000E-03
   352235  5.100E-03 5.100E-03  00:02:33 1.421E-08       26001  1.177E-01  4.125E-01
INSTANCE WITH CRITICAL ELEMENT: MODEL
Output Field Frame Number  51, of  100, at step time 5.100E-03
   359296  5.200E-03 5.200E-03  00:02:36 1.419E-08       26001  1.178E-01  4.716E-01
INSTANCE WITH CRITICAL ELEMENT: MODEL
Output Field Frame Number  52, of  100, at step time 5.200E-03
   366454  5.300E-03 5.300E-03  00:02:39 1.416E-08       26001  1.179E-01  5.303E-01
INSTANCE WITH CRITICAL ELEMENT: MODEL
Output Field Frame Number  53, of  100, at step time 5.300E-03
   373612  5.400E-03 5.400E-03  00:02:41 1.413E-08       26001  1.180E-01  5.875E-01
INSTANCE WITH CRITICAL ELEMENT: MODEL
Output Field Frame Number  54, of  100, at step time 5.400E-03
   380771  5.500E-03 5.500E-03  00:02:44 1.410E-08       26001  1.181E-01  6.432E-01
INSTANCE WITH CRITICAL ELEMENT: MODEL
Output Field Frame Number  55, of  100, at step time 5.500E-03
   387929  5.600E-03 5.600E-03  00:02:47 1.408E-08       26001  1.182E-01  7.011E-01
INSTANCE WITH CRITICAL ELEMENT: MODEL
Output Field Frame Number  56, of  100, at step time 5.600E-03
   395087  5.700E-03 5.700E-03  00:02:50 1.406E-08       26001  1.183E-01  7.790E-01
INSTANCE WITH CRITICAL ELEMENT: MODEL
Output Field Frame Number  57, of  100, at step time 5.700E-03
   402246  5.800E-03 5.800E-03  00:02:52 1.405E-08       26001  1.183E-01  8.570E-01
INSTANCE WITH CRITICAL ELEMENT: MODEL
Output Field Frame Number  58, of  100, at step time 5.800E-03
   409404  5.900E-03 5.900E-03  00:02:55 1.405E-08       26001  1.184E-01  8.796E-01
INSTANCE WITH CRITICAL ELEMENT: MODEL
Output Field Frame Number  59, of  100, at step time 5.900E-03
   416562  6.000E-03 6.000E-03  00:02:58 1.405E-08       26001  1.185E-01  8.977E-01
INSTANCE WITH CRITICAL ELEMENT: MODEL
Output Field Frame Number  60, of  100, at step time 6.000E-03
   423720  6.100E-03 6.100E-03  00:03:01 1.405E-08       26001  1.186E-01  9.176E-01
INSTANCE WITH CRITICAL ELEMENT: MODEL
Output Field Frame Number  61, of  100, at step time 6.100E-03
   430879  6.200E-03 6.200E-03  00:03:04 1.405E-08       26001  1.187E-01  9.319E-01
INSTANCE WITH CRITICAL ELEMENT: MODEL
Output Field Frame Number  62, of  100, at step time 6.200E-03
   438037  6.300E-03 6.300E-03  00:03:07 1.405E-08       26001  1.188E-01  9.361E-01
INSTANCE WITH CRITICAL ELEMENT: MODEL
Output Field Frame Number  63, of  100, at step time 6.300E-03
   445195  6.400E-03 6.400E-03  00:03:10 1.405E-08       26001  1.189E-01  9.400E-01
INSTANCE WITH CRITICAL ELEMENT: MODEL
Output Field Frame Number  64, of  100, at step time 6.400E-03
   452354  6.500E-03 6.500E-03  00:03:13 1.405E-08       26001  1.190E-01  9.443E-01
INSTANCE WITH CRITICAL ELEMENT: MODEL
Output Field Frame Number  65, of  100, at step time 6.500E-03
   459512  6.600E-03 6.600E-03  00:03:16 1.405E-08       26001  1.191E-01  9.482E-01
INSTANCE WITH CRITICAL ELEMENT: MODEL
Output Field Frame Number  66, of  100, at step time 6.600E-03
   466670  6.700E-03 6.700E-03  00:03:19 1.405E-08       26001  1.191E-01  9.521E-01
INSTANCE WITH CRITICAL ELEMENT: MODEL
Output Field Frame Number  67, of  100, at step time 6.700E-03
   473828  6.800E-03 6.800E-03  00:03:22 1.405E-08       26001  1.192E-01  9.560E-01
INSTANCE WITH CRITICAL ELEMENT: MODEL
Output Field Frame Number  68, of  100, at step time 6.800E-03
   480987  6.900E-03 6.900E-03  00:03:24 1.405E-08       26001  1.193E-01  9.611E-01
INSTANCE WITH CRITICAL ELEMENT: MODEL
Output Field Frame Number  69, of  100, at step time 6.900E-03
   488145  7.000E-03 7.000E-03  00:03:28 1.405E-08       26001  1.194E-01  9.646E-01
INSTANCE WITH CRITICAL ELEMENT: MODEL
Output Field Frame Number  70, of  100, at step time 7.000E-03
   495303  7.100E-03 7.100E-03  00:03:31 1.404E-08       26001  1.195E-01  9.693E-01
INSTANCE WITH CRITICAL ELEMENT: MODEL
Output Field Frame Number  71, of  100, at step time 7.100E-03
   502462  7.200E-03 7.200E-03  00:03:34 1.403E-08       25989  1.196E-01  9.743E-01
INSTANCE WITH CRITICAL ELEMENT: MODEL
Output Field Frame Number  72, of  100, at step time 7.200E-03
   509620  7.300E-03 7.300E-03  00:03:36 1.391E-08       25989  1.198E-01  9.791E-01
INSTANCE WITH CRITICAL ELEMENT: MODEL
Output Field Frame Number  73, of  100, at step time 7.300E-03
   516778  7.400E-03 7.400E-03  00:03:39 1.375E-08       25989  1.199E-01  9.842E-01
INSTANCE WITH CRITICAL ELEMENT: MODEL
Output Field Frame Number  74, of  100, at step time 7.400E-03
   524170  7.500E-03 7.500E-03  00:03:42 1.353E-08       25989  1.200E-01  9.891E-01
INSTANCE WITH CRITICAL ELEMENT: MODEL
Output Field Frame Number  75, of  100, at step time 7.500E-03
   531575  7.600E-03 7.600E-03  00:03:45 1.328E-08       25989  1.202E-01  9.946E-01
INSTANCE WITH CRITICAL ELEMENT: MODEL
Output Field Frame Number  76, of  100, at step time 7.600E-03
   539230  7.700E-03 7.700E-03  00:03:49 1.304E-08       25989  1.203E-01  1.000E+00
INSTANCE WITH CRITICAL ELEMENT: MODEL
Output Field Frame Number  77, of  100, at step time 7.700E-03
   546900  7.800E-03 7.800E-03  00:03:52 1.281E-08       25989  1.204E-01  1.005E+00
INSTANCE WITH CRITICAL ELEMENT: MODEL
Output Field Frame Number  78, of  100, at step time 7.800E-03
   554627  7.900E-03 7.900E-03  00:03:55 1.256E-08       25989  1.206E-01  1.011E+00
INSTANCE WITH CRITICAL ELEMENT: MODEL
Output Field Frame Number  79, of  100, at step time 7.900E-03

 STEP 1  ORIGIN 0.0000

              STEP     TOTAL      WALL      STABLE    CRITICAL    KINETIC      TOTAL
INCREMENT     TIME      TIME      TIME   INCREMENT     ELEMENT     ENERGY     ENERGY
   562886  8.000E-03 8.000E-03  00:03:58 1.229E-08       25989  1.208E-01  1.016E+00
INSTANCE WITH CRITICAL ELEMENT: MODEL
Output Field Frame Number  80, of  100, at step time 8.000E-03
   571146  8.100E-03 8.100E-03  00:04:02 1.202E-08       25989  1.210E-01  1.023E+00
INSTANCE WITH CRITICAL ELEMENT: MODEL
Output Field Frame Number  81, of  100, at step time 8.100E-03
   579405  8.200E-03 8.200E-03  00:04:05 1.174E-08       25989  1.212E-01  1.029E+00
INSTANCE WITH CRITICAL ELEMENT: MODEL
Output Field Frame Number  82, of  100, at step time 8.200E-03
   588063  8.300E-03 8.300E-03  00:04:08 1.149E-08       25989  1.214E-01  1.035E+00
INSTANCE WITH CRITICAL ELEMENT: MODEL
Output Field Frame Number  83, of  100, at step time 8.300E-03
   597011  8.400E-03 8.400E-03  00:04:12 1.123E-08       25989  1.216E-01  1.042E+00
INSTANCE WITH CRITICAL ELEMENT: MODEL
Output Field Frame Number  84, of  100, at step time 8.400E-03
   605959  8.500E-03 8.500E-03  00:04:16 1.098E-08        5664  1.218E-01  1.048E+00
INSTANCE WITH CRITICAL ELEMENT: MODEL
Output Field Frame Number  85, of  100, at step time 8.500E-03
   614907  8.600E-03 8.600E-03  00:04:20 1.074E-08        5664  1.220E-01  1.055E+00
INSTANCE WITH CRITICAL ELEMENT: MODEL
Output Field Frame Number  86, of  100, at step time 8.600E-03
   624552  8.700E-03 8.700E-03  00:04:23 1.049E-08        5664  1.222E-01  1.064E+00
INSTANCE WITH CRITICAL ELEMENT: MODEL
Output Field Frame Number  87, of  100, at step time 8.700E-03
   634313  8.800E-03 8.800E-03  00:04:27 1.025E-08        5664  1.224E-01  1.070E+00
INSTANCE WITH CRITICAL ELEMENT: MODEL
Output Field Frame Number  88, of  100, at step time 8.800E-03
   644075  8.900E-03 8.900E-03  00:04:31 1.001E-08        5454  1.226E-01  1.077E+00
INSTANCE WITH CRITICAL ELEMENT: MODEL
Output Field Frame Number  89, of  100, at step time 8.900E-03
   653836  9.000E-03 9.000E-03  00:04:35 9.788E-09        5454  1.228E-01  1.086E+00
INSTANCE WITH CRITICAL ELEMENT: MODEL
Output Field Frame Number  90, of  100, at step time 9.000E-03
   664532  9.100E-03 9.100E-03  00:04:39 9.552E-09        5454  1.230E-01  1.095E+00
INSTANCE WITH CRITICAL ELEMENT: MODEL
Output Field Frame Number  91, of  100, at step time 9.100E-03
   675269  9.200E-03 9.200E-03  00:04:43 9.326E-09        5454  1.231E-01  1.105E+00
INSTANCE WITH CRITICAL ELEMENT: MODEL
Output Field Frame Number  92, of  100, at step time 9.200E-03
   686007  9.300E-03 9.300E-03  00:04:47 9.098E-09        5454  1.233E-01  1.115E+00
INSTANCE WITH CRITICAL ELEMENT: MODEL
Output Field Frame Number  93, of  100, at step time 9.300E-03
   696744  9.400E-03 9.400E-03  00:04:51 8.854E-09        5454  1.235E-01  1.122E+00
INSTANCE WITH CRITICAL ELEMENT: MODEL
Output Field Frame Number  94, of  100, at step time 9.400E-03
   708661  9.500E-03 9.500E-03  00:04:56 8.609E-09        5454  1.237E-01  1.138E+00
INSTANCE WITH CRITICAL ELEMENT: MODEL
Output Field Frame Number  95, of  100, at step time 9.500E-03
   720591  9.600E-03 9.600E-03  00:05:00 8.349E-09        5454  1.239E-01  1.153E+00
INSTANCE WITH CRITICAL ELEMENT: MODEL
Output Field Frame Number  96, of  100, at step time 9.600E-03
   732521  9.700E-03 9.700E-03  00:05:05 8.157E-09        5454  1.240E-01  1.166E+00
INSTANCE WITH CRITICAL ELEMENT: MODEL
Output Field Frame Number  97, of  100, at step time 9.700E-03
   744452  9.800E-03 9.800E-03  00:05:13 7.979E-09        5454  1.241E-01  1.186E+00
INSTANCE WITH CRITICAL ELEMENT: MODEL
Output Field Frame Number  98, of  100, at step time 9.800E-03
   757311  9.900E-03 9.900E-03  00:05:18 7.800E-09        5454  1.242E-01  1.217E+00
INSTANCE WITH CRITICAL ELEMENT: MODEL
Output Field Frame Number  99, of  100, at step time 9.900E-03
   770732  1.000E-02 1.000E-02  00:05:23 7.624E-09        5454  1.243E-01  1.245E+00
INSTANCE WITH CRITICAL ELEMENT: MODEL
Restart Number  1 at 1.00000E-02
Output Field Frame Number 100, of  100, at step time 1.000E-02
  EXPLICIT EXECUTABLE TIME SUMMARY
       USER TIME (SEC)      =   285.43
       SYSTEM TIME (SEC)    =   2.6900
       WALLCLOCK TIME (SEC) =          323
              INIT (SEC) =          4
              MAIN (SEC) =        319

  THE ANALYSIS HAS COMPLETED SUCCESSFULLY

> Begin phase remote file cleanup 
> End phase remote file cleanup  -- 00:00:00
Fri 23 Jun 2023 03:17:35 PM EEST
Phase Abaqus/Explicit Analysis status 0
End Abaqus/Explicit Analysis
RESULTSFORMAT: ODB
SIMMODE: SFS
SIMEXT: .sim
> Begin cleanup 
> End cleanup  -- 00:00:00
Abaqus JOB geometry COMPLETED
Running: /appl/soft/eng/simulia/EstProducts/2022/linux_a64/code/bin/eliT_CheckLicense
Arguments: ['-explicit', '-cpus', '40', '-location', '-indir', '/scratch/project_2007935/project_test_A1/SOO_simulations/DP1000_room_Swift_NDBR50_curve2/iteration/24', '-job', 'geometry']
License for explicit is available.
